<?xml version="1.0" encoding="UTF-8"?>
<!-- Generated by org.testng.reporters.JUnitXMLReporter -->
<testsuite ignored="0" hostname="LAPTOP-ONC93O7N" failures="1" tests="1" name="validating the title" time="46.949" errors="0" timestamp="2021-10-18T21:50:03 IST">
  <testcase classname="Academy.titleValidation" name="basepageNavigation" time="40.916">
    <failure type="java.lang.AssertionError" message="expected [FEATUREDCOURSES123] but found [FEATURED COURSES]">
      <![CDATA[java.lang.AssertionError: expected [FEATUREDCOURSES123] but found [FEATURED COURSES]
at Academy.titleValidation.basepageNavigation(titleValidation.java:34)
at java.base/java.util.ArrayList.forEach(ArrayList.java:1511)
at java.base/java.util.concurrent.FutureTask.run(FutureTask.java:264)
at java.base/java.util.concurrent.ThreadPoolExecutor.runWorker(ThreadPoolExecutor.java:1130)
at java.base/java.util.concurrent.ThreadPoolExecutor$Worker.run(ThreadPoolExecutor.java:630)
at java.base/java.lang.Thread.run(Thread.java:832)
... Removed 24 stack frames]]>
    </failure>
  </testcase> <!-- basepageNavigation -->
</testsuite> <!-- validating the title -->
