<?xml version="1.0" encoding="UTF-8"?>
<!-- Generated by org.testng.reporters.JUnitXMLReporter -->
<testsuite ignored="0" hostname="LAPTOP-ONC93O7N" failures="1" tests="1" name="validating the title" time="33.527" errors="0" timestamp="2021-10-25T18:49:29 IST">
  <testcase classname="Academy.titleValidation" name="basepageNavigation" time="32.516">
    <failure type="java.lang.AssertionError" message="expected [FEATUREDCOURSES123] but found [FEATURED COURSES]">
      <![CDATA[java.lang.AssertionError: expected [FEATUREDCOURSES123] but found [FEATURED COURSES]
at Academy.titleValidation.basepageNavigation(titleValidation.java:37)
at java.base/java.util.ArrayList.forEach(ArrayList.java:1541)
... Removed 36 stack frames]]>
    </failure>
  </testcase> <!-- basepageNavigation -->
</testsuite> <!-- validating the title -->
